C:\xampp\htdocs\ucarsip\.htaccess
C:\xampp\htdocs\ucarsip\composer.json
C:\xampp\htdocs\ucarsip\controllers\AnnouncementController.php
C:\xampp\htdocs\ucarsip\controllers\ApiController.php
C:\xampp\htdocs\ucarsip\controllers\BreadcrumblinksaddspController.php
C:\xampp\htdocs\ucarsip\controllers\BreadcrumblinkscheckspController.php
C:\xampp\htdocs\ucarsip\controllers\BreadcrumblinksdeletespController.php
C:\xampp\htdocs\ucarsip\controllers\BreadcrumblinksmovespController.php
C:\xampp\htdocs\ucarsip\controllers\ControllerBase.php
C:\xampp\htdocs\ucarsip\controllers\DispositionsController.php
C:\xampp\htdocs\ucarsip\controllers\HelpCategoriesController.php
C:\xampp\htdocs\ucarsip\controllers\HelpController.php
C:\xampp\htdocs\ucarsip\controllers\HomeController.php
C:\xampp\htdocs\ucarsip\controllers\LanguagesController.php
C:\xampp\htdocs\ucarsip\controllers\LettersController.php
C:\xampp\htdocs\ucarsip\controllers\LoadaboutusController.php
C:\xampp\htdocs\ucarsip\controllers\LoadhelponlineController.php
C:\xampp\htdocs\ucarsip\controllers\LoadtermsconditionsController.php
C:\xampp\htdocs\ucarsip\controllers\OthersController.php
C:\xampp\htdocs\ucarsip\controllers\PrinttermsconditionsController.php
C:\xampp\htdocs\ucarsip\controllers\SettingsController.php
C:\xampp\htdocs\ucarsip\controllers\TheuserprofileController.php
C:\xampp\htdocs\ucarsip\controllers\TracksController.php
C:\xampp\htdocs\ucarsip\controllers\UnitsController.php
C:\xampp\htdocs\ucarsip\controllers\UserlevelpermissionsController.php
C:\xampp\htdocs\ucarsip\controllers\UserlevelsController.php
C:\xampp\htdocs\ucarsip\controllers\UsersController.php
C:\xampp\htdocs\ucarsip\css\ewpdf.scss
C:\xampp\htdocs\ucarsip\css\jquery.overlayScrollbars.css
C:\xampp\htdocs\ucarsip\css\query-builder.scss
C:\xampp\htdocs\ucarsip\css\tabulator_bootstrap5.scss
C:\xampp\htdocs\ucarsip\css\tempus-dominus.scss
C:\xampp\htdocs\ucarsip\css\ucarsip.scss
C:\xampp\htdocs\ucarsip\files\index.html
C:\xampp\htdocs\ucarsip\index.php
C:\xampp\htdocs\ucarsip\jquery\jquery.inputmask.js
C:\xampp\htdocs\ucarsip\jquery\jquery.inputmask.min.js
C:\xampp\htdocs\ucarsip\jquery\jquery.jtable.js
C:\xampp\htdocs\ucarsip\jquery\jquery.jtable.min.js
C:\xampp\htdocs\ucarsip\jquery\jquery.overlayScrollbars.js
C:\xampp\htdocs\ucarsip\jquery\jquery.overlayScrollbars.min.js
C:\xampp\htdocs\ucarsip\jquery\msjqueryinputmask.js
C:\xampp\htdocs\ucarsip\js\eweditor.js
C:\xampp\htdocs\ucarsip\js\ewfixedheadertable.js
C:\xampp\htdocs\ucarsip\js\masinoew.js
C:\xampp\htdocs\ucarsip\js\masinoewcore.js
C:\xampp\htdocs\ucarsip\js\userevent.js
C:\xampp\htdocs\ucarsip\js\userfn.js
C:\xampp\htdocs\ucarsip\js\userprivmod.js
C:\xampp\htdocs\ucarsip\js\userprivori.js
C:\xampp\htdocs\ucarsip\log\index.html
C:\xampp\htdocs\ucarsip\models\Announcement.php
C:\xampp\htdocs\ucarsip\models\AnnouncementAdd.php
C:\xampp\htdocs\ucarsip\models\AnnouncementDelete.php
C:\xampp\htdocs\ucarsip\models\AnnouncementEdit.php
C:\xampp\htdocs\ucarsip\models\AnnouncementList.php
C:\xampp\htdocs\ucarsip\models\AnnouncementView.php
C:\xampp\htdocs\ucarsip\models\Breadcrumblinksaddsp.php
C:\xampp\htdocs\ucarsip\models\Breadcrumblinkschecksp.php
C:\xampp\htdocs\ucarsip\models\Breadcrumblinksdeletesp.php
C:\xampp\htdocs\ucarsip\models\Breadcrumblinksmovesp.php
C:\xampp\htdocs\ucarsip\models\Captcha.php
C:\xampp\htdocs\ucarsip\models\ChangePassword.php
C:\xampp\htdocs\ucarsip\models\Dispositions.php
C:\xampp\htdocs\ucarsip\models\DispositionsAdd.php
C:\xampp\htdocs\ucarsip\models\DispositionsDelete.php
C:\xampp\htdocs\ucarsip\models\DispositionsEdit.php
C:\xampp\htdocs\ucarsip\models\DispositionsList.php
C:\xampp\htdocs\ucarsip\models\DispositionsView.php
C:\xampp\htdocs\ucarsip\models\Help.php
C:\xampp\htdocs\ucarsip\models\HelpAdd.php
C:\xampp\htdocs\ucarsip\models\HelpCategories.php
C:\xampp\htdocs\ucarsip\models\HelpCategoriesAdd.php
C:\xampp\htdocs\ucarsip\models\HelpCategoriesDelete.php
C:\xampp\htdocs\ucarsip\models\HelpCategoriesEdit.php
C:\xampp\htdocs\ucarsip\models\HelpCategoriesList.php
C:\xampp\htdocs\ucarsip\models\HelpCategoriesView.php
C:\xampp\htdocs\ucarsip\models\HelpDelete.php
C:\xampp\htdocs\ucarsip\models\HelpEdit.php
C:\xampp\htdocs\ucarsip\models\HelpGrid.php
C:\xampp\htdocs\ucarsip\models\HelpList.php
C:\xampp\htdocs\ucarsip\models\HelpPreview.php
C:\xampp\htdocs\ucarsip\models\HelpView.php
C:\xampp\htdocs\ucarsip\models\Home.php
C:\xampp\htdocs\ucarsip\models\Languages.php
C:\xampp\htdocs\ucarsip\models\LanguagesAdd.php
C:\xampp\htdocs\ucarsip\models\LanguagesDelete.php
C:\xampp\htdocs\ucarsip\models\LanguagesEdit.php
C:\xampp\htdocs\ucarsip\models\LanguagesList.php
C:\xampp\htdocs\ucarsip\models\LanguagesView.php
C:\xampp\htdocs\ucarsip\models\Letters.php
C:\xampp\htdocs\ucarsip\models\LettersAdd.php
C:\xampp\htdocs\ucarsip\models\LettersDelete.php
C:\xampp\htdocs\ucarsip\models\LettersEdit.php
C:\xampp\htdocs\ucarsip\models\LettersList.php
C:\xampp\htdocs\ucarsip\models\LettersView.php
C:\xampp\htdocs\ucarsip\models\Loadaboutus.php
C:\xampp\htdocs\ucarsip\models\Loadhelponline.php
C:\xampp\htdocs\ucarsip\models\Loadtermsconditions.php
C:\xampp\htdocs\ucarsip\models\Login.php
C:\xampp\htdocs\ucarsip\models\PersonalData.php
C:\xampp\htdocs\ucarsip\models\Printtermsconditions.php
C:\xampp\htdocs\ucarsip\models\ResetPassword.php
C:\xampp\htdocs\ucarsip\models\Settings.php
C:\xampp\htdocs\ucarsip\models\SettingsAdd.php
C:\xampp\htdocs\ucarsip\models\SettingsDelete.php
C:\xampp\htdocs\ucarsip\models\SettingsEdit.php
C:\xampp\htdocs\ucarsip\models\SettingsList.php
C:\xampp\htdocs\ucarsip\models\SettingsView.php
C:\xampp\htdocs\ucarsip\models\Theuserprofile.php
C:\xampp\htdocs\ucarsip\models\TheuserprofileAdd.php
C:\xampp\htdocs\ucarsip\models\TheuserprofileDelete.php
C:\xampp\htdocs\ucarsip\models\TheuserprofileEdit.php
C:\xampp\htdocs\ucarsip\models\TheuserprofileList.php
C:\xampp\htdocs\ucarsip\models\TheuserprofileSearch.php
C:\xampp\htdocs\ucarsip\models\TheuserprofileView.php
C:\xampp\htdocs\ucarsip\models\Tracks.php
C:\xampp\htdocs\ucarsip\models\TracksAdd.php
C:\xampp\htdocs\ucarsip\models\TracksDelete.php
C:\xampp\htdocs\ucarsip\models\TracksEdit.php
C:\xampp\htdocs\ucarsip\models\TracksList.php
C:\xampp\htdocs\ucarsip\models\TracksView.php
C:\xampp\htdocs\ucarsip\models\Units.php
C:\xampp\htdocs\ucarsip\models\UnitsAdd.php
C:\xampp\htdocs\ucarsip\models\UnitsDelete.php
C:\xampp\htdocs\ucarsip\models\UnitsEdit.php
C:\xampp\htdocs\ucarsip\models\UnitsList.php
C:\xampp\htdocs\ucarsip\models\UnitsView.php
C:\xampp\htdocs\ucarsip\models\Userlevelpermissions.php
C:\xampp\htdocs\ucarsip\models\UserlevelpermissionsAdd.php
C:\xampp\htdocs\ucarsip\models\UserlevelpermissionsDelete.php
C:\xampp\htdocs\ucarsip\models\UserlevelpermissionsEdit.php
C:\xampp\htdocs\ucarsip\models\UserlevelpermissionsList.php
C:\xampp\htdocs\ucarsip\models\UserlevelpermissionsView.php
C:\xampp\htdocs\ucarsip\models\Userlevels.php
C:\xampp\htdocs\ucarsip\models\UserlevelsAdd.php
C:\xampp\htdocs\ucarsip\models\UserlevelsDelete.php
C:\xampp\htdocs\ucarsip\models\UserlevelsEdit.php
C:\xampp\htdocs\ucarsip\models\UserlevelsList.php
C:\xampp\htdocs\ucarsip\models\UserlevelsView.php
C:\xampp\htdocs\ucarsip\models\Userpriv.php
C:\xampp\htdocs\ucarsip\models\Users.php
C:\xampp\htdocs\ucarsip\models\UsersAdd.php
C:\xampp\htdocs\ucarsip\models\UsersDelete.php
C:\xampp\htdocs\ucarsip\models\UsersEdit.php
C:\xampp\htdocs\ucarsip\models\UsersGrid.php
C:\xampp\htdocs\ucarsip\models\UsersList.php
C:\xampp\htdocs\ucarsip\models\UsersPreview.php
C:\xampp\htdocs\ucarsip\models\UsersSearch.php
C:\xampp\htdocs\ucarsip\models\UsersView.php
C:\xampp\htdocs\ucarsip\package.json
C:\xampp\htdocs\ucarsip\src\AbstractCheckCredentialsListener.php
C:\xampp\htdocs\ucarsip\src\AbstractController.php
C:\xampp\htdocs\ucarsip\src\AbstractEntity.php
C:\xampp\htdocs\ucarsip\src\AbstractExport.php
C:\xampp\htdocs\ucarsip\src\AbstractExportBase.php
C:\xampp\htdocs\ucarsip\src\AbstractTwoFactorAuthentication.php
C:\xampp\htdocs\ucarsip\src\AccessTokenExtractor.php
C:\xampp\htdocs\ucarsip\src\AccessTokenHandler.php
C:\xampp\htdocs\ucarsip\src\AccessTokenUser.php
C:\xampp\htdocs\ucarsip\src\AccessTokenUserProvider.php
C:\xampp\htdocs\ucarsip\src\ActionType.php
C:\xampp\htdocs\ucarsip\src\AdvancedFilter.php
C:\xampp\htdocs\ucarsip\src\AdvancedSearch.php
C:\xampp\htdocs\ucarsip\src\AdvancedSecurity.php
C:\xampp\htdocs\ucarsip\src\AdvancedUserInterface.php
C:\xampp\htdocs\ucarsip\src\Allow.php
C:\xampp\htdocs\ucarsip\src\ApiActionEvent.php
C:\xampp\htdocs\ucarsip\src\ApiPermissionMiddleware.php
C:\xampp\htdocs\ucarsip\src\AttributeRouteControllerLoader.php
C:\xampp\htdocs\ucarsip\src\Attributes.php
C:\xampp\htdocs\ucarsip\src\AuditTrailHandler.php
C:\xampp\htdocs\ucarsip\src\AuthenticationEntryPoint.php
C:\xampp\htdocs\ucarsip\src\AuthenticationEventSubscriber.php
C:\xampp\htdocs\ucarsip\src\AuthenticationFailureHandler.php
C:\xampp\htdocs\ucarsip\src\AuthenticationMiddleware.php
C:\xampp\htdocs\ucarsip\src\AuthenticationSuccessHandler.php
C:\xampp\htdocs\ucarsip\src\BasicSearch.php
C:\xampp\htdocs\ucarsip\src\Breadcrumb.php
C:\xampp\htdocs\ucarsip\src\BytesType.php
C:\xampp\htdocs\ucarsip\src\CaptchaBase.php
C:\xampp\htdocs\ucarsip\src\CaptchaInterface.php
C:\xampp\htdocs\ucarsip\src\ChartExporter.php
C:\xampp\htdocs\ucarsip\src\ChartJsRenderer.php
C:\xampp\htdocs\ucarsip\src\ChartRendererInterface.php
C:\xampp\htdocs\ucarsip\src\ChartTypes.php
C:\xampp\htdocs\ucarsip\src\Cognito.php
C:\xampp\htdocs\ucarsip\src\ConfigurationEvent.php
C:\xampp\htdocs\ucarsip\src\ConnectionFactory.php
C:\xampp\htdocs\ucarsip\src\ContainerBuildEvent.php
C:\xampp\htdocs\ucarsip\src\ContainerBuiltEvent.php
C:\xampp\htdocs\ucarsip\src\CrosstabColumn.php
C:\xampp\htdocs\ucarsip\src\CrosstabTable.php
C:\xampp\htdocs\ucarsip\src\CspMiddleware.php
C:\xampp\htdocs\ucarsip\src\CsrfMiddleware.php
C:\xampp\htdocs\ucarsip\src\CustomLdapUserProvider.php
C:\xampp\htdocs\ucarsip\src\CustomUploadHandler.php
C:\xampp\htdocs\ucarsip\src\DataType.php
C:\xampp\htdocs\ucarsip\src\DatabaseConnectedEvent.php
C:\xampp\htdocs\ucarsip\src\DatabaseConnectingEvent.php
C:\xampp\htdocs\ucarsip\src\DbChart.php
C:\xampp\htdocs\ucarsip\src\DbField.php
C:\xampp\htdocs\ucarsip\src\DbFields.php
C:\xampp\htdocs\ucarsip\src\DbTable.php
C:\xampp\htdocs\ucarsip\src\DbTableBase.php
C:\xampp\htdocs\ucarsip\src\DebugStack.php
C:\xampp\htdocs\ucarsip\src\DoctrineCollector.php
C:\xampp\htdocs\ucarsip\src\Email.php
C:\xampp\htdocs\ucarsip\src\EmailTwoFactorAuthentication.php
C:\xampp\htdocs\ucarsip\src\EntityDescriptor.php
C:\xampp\htdocs\ucarsip\src\EntityManagerFactory.php
C:\xampp\htdocs\ucarsip\src\EntityUserProvider.php
C:\xampp\htdocs\ucarsip\src\Entity\Announcement.php
C:\xampp\htdocs\ucarsip\src\Entity\Disposition.php
C:\xampp\htdocs\ucarsip\src\Entity\Help.php
C:\xampp\htdocs\ucarsip\src\Entity\HelpCategory.php
C:\xampp\htdocs\ucarsip\src\Entity\Language.php
C:\xampp\htdocs\ucarsip\src\Entity\Letter.php
C:\xampp\htdocs\ucarsip\src\Entity\Setting.php
C:\xampp\htdocs\ucarsip\src\Entity\Theuserprofile.php
C:\xampp\htdocs\ucarsip\src\Entity\Track.php
C:\xampp\htdocs\ucarsip\src\Entity\Unit.php
C:\xampp\htdocs\ucarsip\src\Entity\User.php
C:\xampp\htdocs\ucarsip\src\Entity\Userlevel.php
C:\xampp\htdocs\ucarsip\src\Entity\Userlevelpermission.php
C:\xampp\htdocs\ucarsip\src\ExportCsv.php
C:\xampp\htdocs\ucarsip\src\ExportEmail.php
C:\xampp\htdocs\ucarsip\src\ExportExcel.php
C:\xampp\htdocs\ucarsip\src\ExportHandler.php
C:\xampp\htdocs\ucarsip\src\ExportHtml.php
C:\xampp\htdocs\ucarsip\src\ExportJson.php
C:\xampp\htdocs\ucarsip\src\ExportPdf.php
C:\xampp\htdocs\ucarsip\src\ExportPdfMasino.php
C:\xampp\htdocs\ucarsip\src\ExportPrint.php
C:\xampp\htdocs\ucarsip\src\ExportWord.php
C:\xampp\htdocs\ucarsip\src\ExportXml.php
C:\xampp\htdocs\ucarsip\src\FileUploadHandler.php
C:\xampp\htdocs\ucarsip\src\FileViewer.php
C:\xampp\htdocs\ucarsip\src\FirewallRequestMatcher.php
C:\xampp\htdocs\ucarsip\src\ForceLogoutUserAction.php
C:\xampp\htdocs\ucarsip\src\FormLogin1faAuthenticator.php
C:\xampp\htdocs\ucarsip\src\FormLogin2faAuthenticator.php
C:\xampp\htdocs\ucarsip\src\FormTrait.php
C:\xampp\htdocs\ucarsip\src\GeographyType.php
C:\xampp\htdocs\ucarsip\src\GeometryType.php
C:\xampp\htdocs\ucarsip\src\HierarchyIdType.php
C:\xampp\htdocs\ucarsip\src\HttpErrorHandler.php
C:\xampp\htdocs\ucarsip\src\HttpFoundationFactory.php
C:\xampp\htdocs\ucarsip\src\HttpKernel.php
C:\xampp\htdocs\ucarsip\src\HttpServiceUnavailableException.php
C:\xampp\htdocs\ucarsip\src\HttpUpload.php
C:\xampp\htdocs\ucarsip\src\HybridauthSessionStorage.php
C:\xampp\htdocs\ucarsip\src\JavascriptRenderer.php
C:\xampp\htdocs\ucarsip\src\JwtMiddleware.php
C:\xampp\htdocs\ucarsip\src\Language.php
C:\xampp\htdocs\ucarsip\src\LanguageLoadEvent.php
C:\xampp\htdocs\ucarsip\src\LegacyPasswordHasher.php
C:\xampp\htdocs\ucarsip\src\ListAction.php
C:\xampp\htdocs\ucarsip\src\ListActions.php
C:\xampp\htdocs\ucarsip\src\ListOption.php
C:\xampp\htdocs\ucarsip\src\ListOptions.php
C:\xampp\htdocs\ucarsip\src\ListOptionsCollection.php
C:\xampp\htdocs\ucarsip\src\LoginRateLimiter.php
C:\xampp\htdocs\ucarsip\src\LoginStatusEvent.php
C:\xampp\htdocs\ucarsip\src\LogoutSubscriber.php
C:\xampp\htdocs\ucarsip\src\Lookup.php
C:\xampp\htdocs\ucarsip\src\LookupTableInterface.php
C:\xampp\htdocs\ucarsip\src\MaintenanceMiddleware.php
C:\xampp\htdocs\ucarsip\src\Menu.php
C:\xampp\htdocs\ucarsip\src\MenuItem.php
C:\xampp\htdocs\ucarsip\src\MenuItemAddingEvent.php
C:\xampp\htdocs\ucarsip\src\MenuRenderedEvent.php
C:\xampp\htdocs\ucarsip\src\MenuRenderingEvent.php
C:\xampp\htdocs\ucarsip\src\MessagesTrait.php
C:\xampp\htdocs\ucarsip\src\MicrosoftEntraID.php
C:\xampp\htdocs\ucarsip\src\NumericPager.php
C:\xampp\htdocs\ucarsip\src\OptionValues.php
C:\xampp\htdocs\ucarsip\src\PageLoadingEvent.php
C:\xampp\htdocs\ucarsip\src\PageRenderingEvent.php
C:\xampp\htdocs\ucarsip\src\PageUnloadedEvent.php
C:\xampp\htdocs\ucarsip\src\Pager.php
C:\xampp\htdocs\ucarsip\src\PagerItem.php
C:\xampp\htdocs\ucarsip\src\PasswordHash.php
C:\xampp\htdocs\ucarsip\src\PermissionMiddleware.php
C:\xampp\htdocs\ucarsip\src\PhpCaptcha.php
C:\xampp\htdocs\ucarsip\src\PhpDebugBar.php
C:\xampp\htdocs\ucarsip\src\PhpDebugBarMiddleware.php
C:\xampp\htdocs\ucarsip\src\PhpEncryption.php
C:\xampp\htdocs\ucarsip\src\PhpHttpDriver.php
C:\xampp\htdocs\ucarsip\src\PhpMailerTransport.php
C:\xampp\htdocs\ucarsip\src\PhpMailerTransportFactory.php
C:\xampp\htdocs\ucarsip\src\PragmaRxTwoFactorAuthentication.php
C:\xampp\htdocs\ucarsip\src\PrevNextPager.php
C:\xampp\htdocs\ucarsip\src\ProfileStorage.php
C:\xampp\htdocs\ucarsip\src\PushNotification.php
C:\xampp\htdocs\ucarsip\src\RememberMeTokenProvider.php
C:\xampp\htdocs\ucarsip\src\ReportField.php
C:\xampp\htdocs\ucarsip\src\ReportTable.php
C:\xampp\htdocs\ucarsip\src\RequestDataCollector.php
C:\xampp\htdocs\ucarsip\src\RequestResponseStrategy.php
C:\xampp\htdocs\ucarsip\src\ResendRegisterEmailAction.php
C:\xampp\htdocs\ucarsip\src\ResetConcurrentUserAction.php
C:\xampp\htdocs\ucarsip\src\ResetLoginRetryAction.php
C:\xampp\htdocs\ucarsip\src\ResetUserSecretAction.php
C:\xampp\htdocs\ucarsip\src\RouteActionEvent.php
C:\xampp\htdocs\ucarsip\src\RouteAttributes.php
C:\xampp\htdocs\ucarsip\src\RowSummary.php
C:\xampp\htdocs\ucarsip\src\RowTotal.php
C:\xampp\htdocs\ucarsip\src\RowType.php
C:\xampp\htdocs\ucarsip\src\Saml2.php
C:\xampp\htdocs\ucarsip\src\SecurityContainerCompiledEvent.php
C:\xampp\htdocs\ucarsip\src\SecurityContainerCompilingEvent.php
C:\xampp\htdocs\ucarsip\src\SecurityContainerFactory.php
C:\xampp\htdocs\ucarsip\src\SecurityServiceLocator.php
C:\xampp\htdocs\ucarsip\src\SendLoginLinkAction.php
C:\xampp\htdocs\ucarsip\src\SendOneTimePasswordInterface.php
C:\xampp\htdocs\ucarsip\src\ServicesConfigurationEvent.php
C:\xampp\htdocs\ucarsip\src\SessionHandler.php
C:\xampp\htdocs\ucarsip\src\SessionMiddleware.php
C:\xampp\htdocs\ucarsip\src\SetPasswordExpiredAction.php
C:\xampp\htdocs\ucarsip\src\SmsTwoFactorAuthentication.php
C:\xampp\htdocs\ucarsip\src\SsoStateSessionStore.php
C:\xampp\htdocs\ucarsip\src\SubPage.php
C:\xampp\htdocs\ucarsip\src\SubPages.php
C:\xampp\htdocs\ucarsip\src\SummaryField.php
C:\xampp\htdocs\ucarsip\src\SwitchUserAction.php
C:\xampp\htdocs\ucarsip\src\SwitchUserVoter.php
C:\xampp\htdocs\ucarsip\src\SymfonyMailCollector.php
C:\xampp\htdocs\ucarsip\src\TwoFactorAuthenticatedToken.php
C:\xampp\htdocs\ucarsip\src\TwoFactorAuthenticatingToken.php
C:\xampp\htdocs\ucarsip\src\TwoFactorAuthenticationInterface.php
C:\xampp\htdocs\ucarsip\src\UploadHandler.php
C:\xampp\htdocs\ucarsip\src\UrlGenerator.php
C:\xampp\htdocs\ucarsip\src\UserActivatedException.php
C:\xampp\htdocs\ucarsip\src\UserChecker.php
C:\xampp\htdocs\ucarsip\src\UserProfile.php
C:\xampp\htdocs\ucarsip\src\UserRepository.php
C:\xampp\htdocs\ucarsip\src\WindowsUser.php
C:\xampp\htdocs\ucarsip\src\WindowsUserProvider.php
C:\xampp\htdocs\ucarsip\src\XmlDocument.php
C:\xampp\htdocs\ucarsip\src\apiroutes.php
C:\xampp\htdocs\ucarsip\src\config.development.php
C:\xampp\htdocs\ucarsip\src\config.php
C:\xampp\htdocs\ucarsip\src\config.production.php
C:\xampp\htdocs\ucarsip\src\config.security.php
C:\xampp\htdocs\ucarsip\src\constants.php
C:\xampp\htdocs\ucarsip\src\definitions.php
C:\xampp\htdocs\ucarsip\src\lock.php
C:\xampp\htdocs\ucarsip\src\phpfn.php
C:\xampp\htdocs\ucarsip\src\routes.php
C:\xampp\htdocs\ucarsip\src\security.php
C:\xampp\htdocs\ucarsip\src\services.php
C:\xampp\htdocs\ucarsip\src\userfn.php
C:\xampp\htdocs\ucarsip\src\userlevelsettings.php
C:\xampp\htdocs\ucarsip\views\AnnouncementAdd.php
C:\xampp\htdocs\ucarsip\views\AnnouncementDelete.php
C:\xampp\htdocs\ucarsip\views\AnnouncementEdit.php
C:\xampp\htdocs\ucarsip\views\AnnouncementList.php
C:\xampp\htdocs\ucarsip\views\AnnouncementView.php
C:\xampp\htdocs\ucarsip\views\Breadcrumblinksaddsp.php
C:\xampp\htdocs\ucarsip\views\Breadcrumblinkschecksp.php
C:\xampp\htdocs\ucarsip\views\Breadcrumblinksdeletesp.php
C:\xampp\htdocs\ucarsip\views\Breadcrumblinksmovesp.php
C:\xampp\htdocs\ucarsip\views\ChangePassword.php
C:\xampp\htdocs\ucarsip\views\DispositionsAdd.php
C:\xampp\htdocs\ucarsip\views\DispositionsDelete.php
C:\xampp\htdocs\ucarsip\views\DispositionsEdit.php
C:\xampp\htdocs\ucarsip\views\DispositionsList.php
C:\xampp\htdocs\ucarsip\views\DispositionsView.php
C:\xampp\htdocs\ucarsip\views\Error.php
C:\xampp\htdocs\ucarsip\views\HelpAdd.php
C:\xampp\htdocs\ucarsip\views\HelpCategoriesAdd.php
C:\xampp\htdocs\ucarsip\views\HelpCategoriesDelete.php
C:\xampp\htdocs\ucarsip\views\HelpCategoriesEdit.php
C:\xampp\htdocs\ucarsip\views\HelpCategoriesList.php
C:\xampp\htdocs\ucarsip\views\HelpCategoriesMaster.php
C:\xampp\htdocs\ucarsip\views\HelpCategoriesView.php
C:\xampp\htdocs\ucarsip\views\HelpDelete.php
C:\xampp\htdocs\ucarsip\views\HelpEdit.php
C:\xampp\htdocs\ucarsip\views\HelpGrid.php
C:\xampp\htdocs\ucarsip\views\HelpList.php
C:\xampp\htdocs\ucarsip\views\HelpPreview.php
C:\xampp\htdocs\ucarsip\views\HelpView.php
C:\xampp\htdocs\ucarsip\views\Home.php
C:\xampp\htdocs\ucarsip\views\LanguagesAdd.php
C:\xampp\htdocs\ucarsip\views\LanguagesDelete.php
C:\xampp\htdocs\ucarsip\views\LanguagesEdit.php
C:\xampp\htdocs\ucarsip\views\LanguagesList.php
C:\xampp\htdocs\ucarsip\views\LanguagesView.php
C:\xampp\htdocs\ucarsip\views\LettersAdd.php
C:\xampp\htdocs\ucarsip\views\LettersDelete.php
C:\xampp\htdocs\ucarsip\views\LettersEdit.php
C:\xampp\htdocs\ucarsip\views\LettersList.php
C:\xampp\htdocs\ucarsip\views\LettersView.php
C:\xampp\htdocs\ucarsip\views\Loadaboutus.php
C:\xampp\htdocs\ucarsip\views\Loadhelponline.php
C:\xampp\htdocs\ucarsip\views\Loadtermsconditions.php
C:\xampp\htdocs\ucarsip\views\Login.php
C:\xampp\htdocs\ucarsip\views\PersonalData.php
C:\xampp\htdocs\ucarsip\views\Printtermsconditions.php
C:\xampp\htdocs\ucarsip\views\ResetPassword.php
C:\xampp\htdocs\ucarsip\views\SettingsAdd.php
C:\xampp\htdocs\ucarsip\views\SettingsDelete.php
C:\xampp\htdocs\ucarsip\views\SettingsEdit.php
C:\xampp\htdocs\ucarsip\views\SettingsList.php
C:\xampp\htdocs\ucarsip\views\SettingsView.php
C:\xampp\htdocs\ucarsip\views\TheuserprofileAdd.php
C:\xampp\htdocs\ucarsip\views\TheuserprofileDelete.php
C:\xampp\htdocs\ucarsip\views\TheuserprofileEdit.php
C:\xampp\htdocs\ucarsip\views\TheuserprofileList.php
C:\xampp\htdocs\ucarsip\views\TheuserprofileSearch.php
C:\xampp\htdocs\ucarsip\views\TheuserprofileView.php
C:\xampp\htdocs\ucarsip\views\TracksAdd.php
C:\xampp\htdocs\ucarsip\views\TracksDelete.php
C:\xampp\htdocs\ucarsip\views\TracksEdit.php
C:\xampp\htdocs\ucarsip\views\TracksList.php
C:\xampp\htdocs\ucarsip\views\TracksView.php
C:\xampp\htdocs\ucarsip\views\UnitsAdd.php
C:\xampp\htdocs\ucarsip\views\UnitsDelete.php
C:\xampp\htdocs\ucarsip\views\UnitsEdit.php
C:\xampp\htdocs\ucarsip\views\UnitsList.php
C:\xampp\htdocs\ucarsip\views\UnitsView.php
C:\xampp\htdocs\ucarsip\views\UserlevelpermissionsAdd.php
C:\xampp\htdocs\ucarsip\views\UserlevelpermissionsDelete.php
C:\xampp\htdocs\ucarsip\views\UserlevelpermissionsEdit.php
C:\xampp\htdocs\ucarsip\views\UserlevelpermissionsList.php
C:\xampp\htdocs\ucarsip\views\UserlevelpermissionsView.php
C:\xampp\htdocs\ucarsip\views\UserlevelsAdd.php
C:\xampp\htdocs\ucarsip\views\UserlevelsDelete.php
C:\xampp\htdocs\ucarsip\views\UserlevelsEdit.php
C:\xampp\htdocs\ucarsip\views\UserlevelsList.php
C:\xampp\htdocs\ucarsip\views\UserlevelsMaster.php
C:\xampp\htdocs\ucarsip\views\UserlevelsView.php
C:\xampp\htdocs\ucarsip\views\Userpriv.php
C:\xampp\htdocs\ucarsip\views\UsersAdd.php
C:\xampp\htdocs\ucarsip\views\UsersDelete.php
C:\xampp\htdocs\ucarsip\views\UsersEdit.php
C:\xampp\htdocs\ucarsip\views\UsersGrid.php
C:\xampp\htdocs\ucarsip\views\UsersList.php
C:\xampp\htdocs\ucarsip\views\UsersPreview.php
C:\xampp\htdocs\ucarsip\views\UsersSearch.php
C:\xampp\htdocs\ucarsip\views\UsersView.php
C:\xampp\htdocs\ucarsip\views\email.php
C:\xampp\htdocs\ucarsip\views\layout.php
C:\xampp\htdocs\ucarsip\views\menu.php
C:\xampp\htdocs\ucarsip\views\swagger.php
C:\xampp\htdocs\ucarsip\web.config